<?xml version="1.0" encoding="UTF-8"?>
<testng-results skipped="0" failed="0" ignored="0" total="1" passed="1">
  <reporter-output>
  </reporter-output>
  <suite name="Default suite" duration-ms="604" started-at="2019-07-29T21:17:15Z" finished-at="2019-07-29T21:17:16Z">
    <groups>
    </groups>
    <test name="Default test" duration-ms="604" started-at="2019-07-29T21:17:15Z" finished-at="2019-07-29T21:17:16Z">
      <class name="dataBase.dbms1$DatabaseTesingDemo">
        <test-method status="PASS" signature="setUp()[pri:0, instance:dataBase.dbms1$DatabaseTesingDemo@19a81e8]" name="setUp" is-config="true" duration-ms="585" started-at="2019-07-29T21:17:15Z" finished-at="2019-07-29T21:17:16Z">
          <reporter-output>
          </reporter-output>
        </test-method> <!-- setUp -->
        <test-method status="PASS" signature="test()[pri:0, instance:dataBase.dbms1$DatabaseTesingDemo@19a81e8]" name="test" duration-ms="4" started-at="2019-07-29T21:17:16Z" finished-at="2019-07-29T21:17:16Z">
          <reporter-output>
          </reporter-output>
        </test-method> <!-- test -->
        <test-method status="PASS" signature="tearDown()[pri:0, instance:dataBase.dbms1$DatabaseTesingDemo@19a81e8]" name="tearDown" is-config="true" duration-ms="0" started-at="2019-07-29T21:17:16Z" finished-at="2019-07-29T21:17:16Z">
          <reporter-output>
          </reporter-output>
        </test-method> <!-- tearDown -->
      </class> <!-- dataBase.dbms1$DatabaseTesingDemo -->
    </test> <!-- Default test -->
  </suite> <!-- Default suite -->
</testng-results>
