<?xml version="1.0" encoding="UTF-8"?>
<!-- Generated by org.testng.reporters.JUnitXMLReporter -->
<testsuite hostname="DESKTOP-IBD602Q" name="FirefoxTest" tests="5" failures="0" timestamp="6 Aug 2019 19:32:28 GMT" time="8.665" errors="0">
  <testcase name="verifyTitle" time="0.018" classname="demo.crossBrowserTesting"/>
  <testcase name="verifyText1" time="0.092" classname="demo.crossBrowserTesting"/>
  <testcase name="verifyText2" time="0.067" classname="demo.crossBrowserTesting"/>
  <testcase name="verifyText3" time="0.068" classname="demo.crossBrowserTesting"/>
  <testcase name="varifyRadioButton" time="0.038" classname="demo.crossBrowserTesting"/>
</testsuite> <!-- FirefoxTest -->
