<?xml version="1.0" encoding="UTF-8"?>
<!-- Generated by org.testng.reporters.JUnitXMLReporter -->
<testsuite hostname="DESKTOP-IBD602Q" name="Test" tests="5" failures="0" timestamp="4 Aug 2019 21:08:38 GMT" time="11.311" errors="0">
  <testcase name="verifyTitle" time="0.02" classname="demo.crossBrowserTesting"/>
  <testcase name="verifyText1" time="0.097" classname="demo.crossBrowserTesting"/>
  <testcase name="verifyText2" time="0.052" classname="demo.crossBrowserTesting"/>
  <testcase name="verifyText3" time="0.034" classname="demo.crossBrowserTesting"/>
  <testcase name="varifyRadioButton" time="0.029" classname="demo.crossBrowserTesting"/>
</testsuite> <!-- Test -->
