<?xml version="1.0" encoding="UTF-8"?>
<testng-results skipped="0" failed="0" total="1" passed="1">
  <reporter-output>
  </reporter-output>
  <suite name="Default suite" duration-ms="17921" started-at="2019-08-07T19:23:08Z" finished-at="2019-08-07T19:23:26Z">
    <groups>
    </groups>
    <test name="Default test" duration-ms="17921" started-at="2019-08-07T19:23:08Z" finished-at="2019-08-07T19:23:26Z">
      <class name="kdf.Application">
        <test-method status="PASS" signature="testApplication()[pri:0, instance:kdf.Application@16905e]" name="testApplication" duration-ms="17882" started-at="2019-08-07T15:23:08Z" finished-at="2019-08-07T15:23:26Z">
          <reporter-output>
          </reporter-output>
        </test-method> <!-- testApplication -->
      </class> <!-- kdf.Application -->
    </test> <!-- Default test -->
  </suite> <!-- Default suite -->
</testng-results>
